<?xml version="1.0" encoding="UTF-8"?>
<!-- Generated by org.testng.reporters.JUnitReportReporter -->
<testsuite hostname="DESKTOP-MR4P3OJ" failures="0" tests="1" name="scripts.Test1" time="0.002" errors="0" timestamp="2022-03-31T21:36:27 EDT" skipped="0">
  <testcase classname="scripts.Test1" name="demo" time="0.002"/>
  <system-out>
    <![CDATA[Hello Java]]>
  </system-out>
</testsuite> <!-- scripts.Test1 -->
