<?xml version="1.0" encoding="UTF-8"?>
<!-- Generated by org.testng.reporters.JUnitReportReporter -->
<testsuite hostname="DESKTOP-MR4P3OJ" failures="0" tests="1" name="scripts.Test3" time="0.006" errors="0" timestamp="2022-03-31T21:36:27 EDT" skipped="0">
  <testcase classname="scripts.Test3" name="tc3" time="0.006"/>
  <system-out>
    <![CDATA[Hello Python]]>
  </system-out>
</testsuite> <!-- scripts.Test3 -->
